The target system is: Linux -  - cortexa9hf-neon-poky
The host system is: Linux - 5.0.0-32-generic - x86_64
Compiling the CXX compiler identification source file "CMakeCXXCompilerId.cpp" succeeded.
Compiler: /opt/lecip/lv-700/poky/2.2.4/sysroots/x86_64-pokysdk-linux/usr/bin/arm-poky-linux-gnueabi/arm-poky-linux-gnueabi-g++ -march=armv7-a;-marm;-mfpu=neon;-mfloat-abi=hard;-mcpu=cortex-a9;--sysroot=/opt/lecip/lv-700/poky/2.2.4/sysroots/cortexa9hf-neon-poky-linux-gnueabi
Build flags: ;-O2;-pipe;-g;-feliminate-unused-debug-types;
Id flags: 

The output was:
0


Compilation of the CXX compiler identification source "CMakeCXXCompilerId.cpp" produced "a.out"

The CXX compiler identification is GNU, found in "/home/osboxes/arcontia_barcodelib/bin/build/CMakeFiles/3.6.1/CompilerIdCXX/a.out"

Determining if the CXX compiler works passed with the following output:
Change Dir: /home/osboxes/arcontia_barcodelib/bin/build/CMakeFiles/CMakeTmp

Run Build Command:"/usr/bin/make" "cmTC_3151e/fast"
/usr/bin/make -f CMakeFiles/cmTC_3151e.dir/build.make CMakeFiles/cmTC_3151e.dir/build
make[1]: Entering directory '/home/osboxes/arcontia_barcodelib/bin/build/CMakeFiles/CMakeTmp'
Building CXX object CMakeFiles/cmTC_3151e.dir/testCXXCompiler.cxx.o
/opt/lecip/lv-700/poky/2.2.4/sysroots/x86_64-pokysdk-linux/usr/bin/arm-poky-linux-gnueabi/arm-poky-linux-gnueabi-g++   -march=armv7-a -marm -mfpu=neon  -mfloat-abi=hard -mcpu=cortex-a9 --sysroot=/opt/lecip/lv-700/poky/2.2.4/sysroots/cortexa9hf-neon-poky-linux-gnueabi    -O2 -pipe -g -feliminate-unused-debug-types     -o CMakeFiles/cmTC_3151e.dir/testCXXCompiler.cxx.o -c /home/osboxes/arcontia_barcodelib/bin/build/CMakeFiles/CMakeTmp/testCXXCompiler.cxx
Linking CXX executable cmTC_3151e
/opt/lecip/lv-700/poky/2.2.4/sysroots/x86_64-pokysdk-linux/usr/bin/cmake -E cmake_link_script CMakeFiles/cmTC_3151e.dir/link.txt --verbose=1
/opt/lecip/lv-700/poky/2.2.4/sysroots/x86_64-pokysdk-linux/usr/bin/arm-poky-linux-gnueabi/arm-poky-linux-gnueabi-g++   -march=armv7-a -marm -mfpu=neon  -mfloat-abi=hard -mcpu=cortex-a9 --sysroot=/opt/lecip/lv-700/poky/2.2.4/sysroots/cortexa9hf-neon-poky-linux-gnueabi   -O2 -pipe -g -feliminate-unused-debug-types     -Wl,-O1 -Wl,--hash-style=gnu -Wl,--as-needed  CMakeFiles/cmTC_3151e.dir/testCXXCompiler.cxx.o  -o cmTC_3151e 
make[1]: Leaving directory '/home/osboxes/arcontia_barcodelib/bin/build/CMakeFiles/CMakeTmp'


Detecting CXX compiler ABI info compiled with the following output:
Change Dir: /home/osboxes/arcontia_barcodelib/bin/build/CMakeFiles/CMakeTmp

Run Build Command:"/usr/bin/make" "cmTC_d2a4b/fast"
/usr/bin/make -f CMakeFiles/cmTC_d2a4b.dir/build.make CMakeFiles/cmTC_d2a4b.dir/build
make[1]: Entering directory '/home/osboxes/arcontia_barcodelib/bin/build/CMakeFiles/CMakeTmp'
Building CXX object CMakeFiles/cmTC_d2a4b.dir/CMakeCXXCompilerABI.cpp.o
/opt/lecip/lv-700/poky/2.2.4/sysroots/x86_64-pokysdk-linux/usr/bin/arm-poky-linux-gnueabi/arm-poky-linux-gnueabi-g++   -march=armv7-a -marm -mfpu=neon  -mfloat-abi=hard -mcpu=cortex-a9 --sysroot=/opt/lecip/lv-700/poky/2.2.4/sysroots/cortexa9hf-neon-poky-linux-gnueabi    -O2 -pipe -g -feliminate-unused-debug-types     -o CMakeFiles/cmTC_d2a4b.dir/CMakeCXXCompilerABI.cpp.o -c /opt/lecip/lv-700/poky/2.2.4/sysroots/x86_64-pokysdk-linux/usr/share/cmake-3.6/Modules/CMakeCXXCompilerABI.cpp
Linking CXX executable cmTC_d2a4b
/opt/lecip/lv-700/poky/2.2.4/sysroots/x86_64-pokysdk-linux/usr/bin/cmake -E cmake_link_script CMakeFiles/cmTC_d2a4b.dir/link.txt --verbose=1
/opt/lecip/lv-700/poky/2.2.4/sysroots/x86_64-pokysdk-linux/usr/bin/arm-poky-linux-gnueabi/arm-poky-linux-gnueabi-g++   -march=armv7-a -marm -mfpu=neon  -mfloat-abi=hard -mcpu=cortex-a9 --sysroot=/opt/lecip/lv-700/poky/2.2.4/sysroots/cortexa9hf-neon-poky-linux-gnueabi   -O2 -pipe -g -feliminate-unused-debug-types     -Wl,-O1 -Wl,--hash-style=gnu -Wl,--as-needed -v CMakeFiles/cmTC_d2a4b.dir/CMakeCXXCompilerABI.cpp.o  -o cmTC_d2a4b  
Using built-in specs.
COLLECT_GCC=/opt/lecip/lv-700/poky/2.2.4/sysroots/x86_64-pokysdk-linux/usr/bin/arm-poky-linux-gnueabi/arm-poky-linux-gnueabi-g++
COLLECT_LTO_WRAPPER=/opt/lecip/lv-700/poky/2.2.4/sysroots/x86_64-pokysdk-linux/usr/libexec/arm-poky-linux-gnueabi/gcc/arm-poky-linux-gnueabi/6.4.0/lto-wrapper
Target: arm-poky-linux-gnueabi
Configured with: ../../../../../../work-shared/gcc-6.4.0-r0/gcc-6.4.0/configure --build=x86_64-linux --host=x86_64-pokysdk-linux --target=arm-poky-linux-gnueabi --prefix=/opt/poky/2.2.4/sysroots/x86_64-pokysdk-linux/usr --exec_prefix=/opt/poky/2.2.4/sysroots/x86_64-pokysdk-linux/usr --bindir=/opt/poky/2.2.4/sysroots/x86_64-pokysdk-linux/usr/bin/arm-poky-linux-gnueabi --sbindir=/opt/poky/2.2.4/sysroots/x86_64-pokysdk-linux/usr/bin/arm-poky-linux-gnueabi --libexecdir=/opt/poky/2.2.4/sysroots/x86_64-pokysdk-linux/usr/libexec/arm-poky-linux-gnueabi --datadir=/opt/poky/2.2.4/sysroots/x86_64-pokysdk-linux/usr/share --sysconfdir=/opt/poky/2.2.4/sysroots/x86_64-pokysdk-linux/etc --sharedstatedir=/opt/poky/2.2.4/sysroots/x86_64-pokysdk-linux/com --localstatedir=/opt/poky/2.2.4/sysroots/x86_64-pokysdk-linux/var --libdir=/opt/poky/2.2.4/sysroots/x86_64-pokysdk-linux/usr/lib/arm-poky-linux-gnueabi --includedir=/opt/poky/2.2.4/sysroots/x86_64-pokysdk-linux/usr/include --oldincludedir=/opt/poky/2.2.4/sysroots/x86_64-pokysdk-linux/usr/include --infodir=/opt/poky/2.2.4/sysroots/x86_64-pokysdk-linux/usr/share/info --mandir=/opt/poky/2.2.4/sysroots/x86_64-pokysdk-linux/usr/share/man --disable-silent-rules --disable-dependency-tracking --with-libtool-sysroot=/home/build/bamboo-agent-home/xml-data/build-dir/LONDON-BYS-JOB1/source/build/tmp/sysroots/x86_64-nativesdk-pokysdk-linux --with-gnu-ld --enable-shared --enable-languages=c,c++ --enable-threads=posix --enable-multilib --enable-c99 --enable-long-long --enable-symvers=gnu --enable-libstdcxx-pch --program-prefix=arm-poky-linux-gnueabi- --without-local-prefix --enable-lto --enable-libssp --enable-libitm --disable-bootstrap --disable-libmudflap --with-system-zlib --with-linker-hash-style=gnu --enable-linker-build-id --with-ppl=no --with-cloog=no --enable-checking=release --enable-cheaders=c_global --without-isl --with-gxx-include-dir=/not/exist/usr/include/c++/6.4.0 --with-build-time-tools=/home/build/bamboo-agent-home/xml-data/build-dir/LONDON-BYS-JOB1/source/build/tmp/sysroots/x86_64-linux/usr/arm-poky-linux-gnueabi/bin --with-sysroot=/not/exist --with-build-sysroot=/home/build/bamboo-agent-home/xml-data/build-dir/LONDON-BYS-JOB1/source/build/tmp/sysroots/arcontia --without-long-double-128 --enable-poison-system-directories --with-mpfr=/home/build/bamboo-agent-home/xml-data/build-dir/LONDON-BYS-JOB1/source/build/tmp/sysroots/x86_64-nativesdk-pokysdk-linux --with-mpc=/home/build/bamboo-agent-home/xml-data/build-dir/LONDON-BYS-JOB1/source/build/tmp/sysroots/x86_64-nativesdk-pokysdk-linux --disable-static --enable-nls --enable-initfini-array --with-arch=armv7-a
Thread model: posix
gcc version 6.4.0 (GCC) 
COMPILER_PATH=/opt/lecip/lv-700/poky/2.2.4/sysroots/x86_64-pokysdk-linux/usr/libexec/arm-poky-linux-gnueabi/gcc/arm-poky-linux-gnueabi/6.4.0/:/opt/lecip/lv-700/poky/2.2.4/sysroots/x86_64-pokysdk-linux/usr/libexec/arm-poky-linux-gnueabi/gcc/arm-poky-linux-gnueabi/6.4.0/:/opt/lecip/lv-700/poky/2.2.4/sysroots/x86_64-pokysdk-linux/usr/libexec/arm-poky-linux-gnueabi/gcc/arm-poky-linux-gnueabi/:/opt/lecip/lv-700/poky/2.2.4/sysroots/x86_64-pokysdk-linux/usr/lib/arm-poky-linux-gnueabi/gcc/arm-poky-linux-gnueabi/6.4.0/:/opt/lecip/lv-700/poky/2.2.4/sysroots/x86_64-pokysdk-linux/usr/lib/arm-poky-linux-gnueabi/gcc/arm-poky-linux-gnueabi/
LIBRARY_PATH=/opt/lecip/lv-700/poky/2.2.4/sysroots/x86_64-pokysdk-linux/usr/lib/arm-poky-linux-gnueabi/gcc/arm-poky-linux-gnueabi/6.4.0/:/opt/lecip/lv-700/poky/2.2.4/sysroots/cortexa9hf-neon-poky-linux-gnueabi/lib/:/opt/lecip/lv-700/poky/2.2.4/sysroots/cortexa9hf-neon-poky-linux-gnueabi/usr/lib/arm-poky-linux-gnueabi/6.4.0/:/opt/lecip/lv-700/poky/2.2.4/sysroots/cortexa9hf-neon-poky-linux-gnueabi/usr/lib/
COLLECT_GCC_OPTIONS='--sysroot=/opt/lecip/lv-700/poky/2.2.4/sysroots/cortexa9hf-neon-poky-linux-gnueabi' '-march=armv7-a' '-marm' '-mfpu=neon' '-mfloat-abi=hard' '-mcpu=cortex-a9' '-O2' '-pipe' '-g' '-feliminate-unused-debug-types' '-v' '-o' 'cmTC_d2a4b' '-shared-libgcc' '-mtls-dialect=gnu'
 /opt/lecip/lv-700/poky/2.2.4/sysroots/x86_64-pokysdk-linux/usr/libexec/arm-poky-linux-gnueabi/gcc/arm-poky-linux-gnueabi/6.4.0/collect2 -plugin /opt/lecip/lv-700/poky/2.2.4/sysroots/x86_64-pokysdk-linux/usr/libexec/arm-poky-linux-gnueabi/gcc/arm-poky-linux-gnueabi/6.4.0/liblto_plugin.so -plugin-opt=/opt/lecip/lv-700/poky/2.2.4/sysroots/x86_64-pokysdk-linux/usr/libexec/arm-poky-linux-gnueabi/gcc/arm-poky-linux-gnueabi/6.4.0/lto-wrapper -plugin-opt=-fresolution=/tmp/ccZKs1vA.res -plugin-opt=-pass-through=-lgcc_s -plugin-opt=-pass-through=-lgcc -plugin-opt=-pass-through=-lc -plugin-opt=-pass-through=-lgcc_s -plugin-opt=-pass-through=-lgcc --sysroot=/opt/lecip/lv-700/poky/2.2.4/sysroots/cortexa9hf-neon-poky-linux-gnueabi --build-id --eh-frame-hdr --hash-style=gnu -dynamic-linker /lib/ld-linux-armhf.so.3 -X -m armelf_linux_eabi -o cmTC_d2a4b /opt/lecip/lv-700/poky/2.2.4/sysroots/cortexa9hf-neon-poky-linux-gnueabi/usr/lib/crt1.o /opt/lecip/lv-700/poky/2.2.4/sysroots/cortexa9hf-neon-poky-linux-gnueabi/usr/lib/crti.o /opt/lecip/lv-700/poky/2.2.4/sysroots/cortexa9hf-neon-poky-linux-gnueabi/usr/lib/arm-poky-linux-gnueabi/6.4.0/crtbegin.o -L/opt/lecip/lv-700/poky/2.2.4/sysroots/x86_64-pokysdk-linux/usr/lib/arm-poky-linux-gnueabi/gcc/arm-poky-linux-gnueabi/6.4.0 -L/opt/lecip/lv-700/poky/2.2.4/sysroots/cortexa9hf-neon-poky-linux-gnueabi/lib -L/opt/lecip/lv-700/poky/2.2.4/sysroots/cortexa9hf-neon-poky-linux-gnueabi/usr/lib/arm-poky-linux-gnueabi/6.4.0 -L/opt/lecip/lv-700/poky/2.2.4/sysroots/cortexa9hf-neon-poky-linux-gnueabi/usr/lib -O1 --hash-style=gnu --as-needed CMakeFiles/cmTC_d2a4b.dir/CMakeCXXCompilerABI.cpp.o -lstdc++ -lm -lgcc_s -lgcc -lc -lgcc_s -lgcc /opt/lecip/lv-700/poky/2.2.4/sysroots/cortexa9hf-neon-poky-linux-gnueabi/usr/lib/arm-poky-linux-gnueabi/6.4.0/crtend.o /opt/lecip/lv-700/poky/2.2.4/sysroots/cortexa9hf-neon-poky-linux-gnueabi/usr/lib/crtn.o
COLLECT_GCC_OPTIONS='--sysroot=/opt/lecip/lv-700/poky/2.2.4/sysroots/cortexa9hf-neon-poky-linux-gnueabi' '-march=armv7-a' '-marm' '-mfpu=neon' '-mfloat-abi=hard' '-mcpu=cortex-a9' '-O2' '-pipe' '-g' '-feliminate-unused-debug-types' '-v' '-o' 'cmTC_d2a4b' '-shared-libgcc' '-mtls-dialect=gnu'
make[1]: Leaving directory '/home/osboxes/arcontia_barcodelib/bin/build/CMakeFiles/CMakeTmp'


Parsed CXX implicit link information from above output:
  link line regex: [^( *|.*[/\])(arm-poky-linux-gnueabi-ld|([^/\]+-)?ld|collect2)[^/\]*( |$)]
  ignore line: [Change Dir: /home/osboxes/arcontia_barcodelib/bin/build/CMakeFiles/CMakeTmp]
  ignore line: []
  ignore line: [Run Build Command:"/usr/bin/make" "cmTC_d2a4b/fast"]
  ignore line: [/usr/bin/make -f CMakeFiles/cmTC_d2a4b.dir/build.make CMakeFiles/cmTC_d2a4b.dir/build]
  ignore line: [make[1]: Entering directory '/home/osboxes/arcontia_barcodelib/bin/build/CMakeFiles/CMakeTmp']
  ignore line: [Building CXX object CMakeFiles/cmTC_d2a4b.dir/CMakeCXXCompilerABI.cpp.o]
  ignore line: [/opt/lecip/lv-700/poky/2.2.4/sysroots/x86_64-pokysdk-linux/usr/bin/arm-poky-linux-gnueabi/arm-poky-linux-gnueabi-g++   -march=armv7-a -marm -mfpu=neon  -mfloat-abi=hard -mcpu=cortex-a9 --sysroot=/opt/lecip/lv-700/poky/2.2.4/sysroots/cortexa9hf-neon-poky-linux-gnueabi    -O2 -pipe -g -feliminate-unused-debug-types     -o CMakeFiles/cmTC_d2a4b.dir/CMakeCXXCompilerABI.cpp.o -c /opt/lecip/lv-700/poky/2.2.4/sysroots/x86_64-pokysdk-linux/usr/share/cmake-3.6/Modules/CMakeCXXCompilerABI.cpp]
  ignore line: [Linking CXX executable cmTC_d2a4b]
  ignore line: [/opt/lecip/lv-700/poky/2.2.4/sysroots/x86_64-pokysdk-linux/usr/bin/cmake -E cmake_link_script CMakeFiles/cmTC_d2a4b.dir/link.txt --verbose=1]
  ignore line: [/opt/lecip/lv-700/poky/2.2.4/sysroots/x86_64-pokysdk-linux/usr/bin/arm-poky-linux-gnueabi/arm-poky-linux-gnueabi-g++   -march=armv7-a -marm -mfpu=neon  -mfloat-abi=hard -mcpu=cortex-a9 --sysroot=/opt/lecip/lv-700/poky/2.2.4/sysroots/cortexa9hf-neon-poky-linux-gnueabi   -O2 -pipe -g -feliminate-unused-debug-types     -Wl,-O1 -Wl,--hash-style=gnu -Wl,--as-needed -v CMakeFiles/cmTC_d2a4b.dir/CMakeCXXCompilerABI.cpp.o  -o cmTC_d2a4b  ]
  ignore line: [Using built-in specs.]
  ignore line: [COLLECT_GCC=/opt/lecip/lv-700/poky/2.2.4/sysroots/x86_64-pokysdk-linux/usr/bin/arm-poky-linux-gnueabi/arm-poky-linux-gnueabi-g++]
  ignore line: [COLLECT_LTO_WRAPPER=/opt/lecip/lv-700/poky/2.2.4/sysroots/x86_64-pokysdk-linux/usr/libexec/arm-poky-linux-gnueabi/gcc/arm-poky-linux-gnueabi/6.4.0/lto-wrapper]
  ignore line: [Target: arm-poky-linux-gnueabi]
  ignore line: [Configured with: ../../../../../../work-shared/gcc-6.4.0-r0/gcc-6.4.0/configure --build=x86_64-linux --host=x86_64-pokysdk-linux --target=arm-poky-linux-gnueabi --prefix=/opt/poky/2.2.4/sysroots/x86_64-pokysdk-linux/usr --exec_prefix=/opt/poky/2.2.4/sysroots/x86_64-pokysdk-linux/usr --bindir=/opt/poky/2.2.4/sysroots/x86_64-pokysdk-linux/usr/bin/arm-poky-linux-gnueabi --sbindir=/opt/poky/2.2.4/sysroots/x86_64-pokysdk-linux/usr/bin/arm-poky-linux-gnueabi --libexecdir=/opt/poky/2.2.4/sysroots/x86_64-pokysdk-linux/usr/libexec/arm-poky-linux-gnueabi --datadir=/opt/poky/2.2.4/sysroots/x86_64-pokysdk-linux/usr/share --sysconfdir=/opt/poky/2.2.4/sysroots/x86_64-pokysdk-linux/etc --sharedstatedir=/opt/poky/2.2.4/sysroots/x86_64-pokysdk-linux/com --localstatedir=/opt/poky/2.2.4/sysroots/x86_64-pokysdk-linux/var --libdir=/opt/poky/2.2.4/sysroots/x86_64-pokysdk-linux/usr/lib/arm-poky-linux-gnueabi --includedir=/opt/poky/2.2.4/sysroots/x86_64-pokysdk-linux/usr/include --oldincludedir=/opt/poky/2.2.4/sysroots/x86_64-pokysdk-linux/usr/include --infodir=/opt/poky/2.2.4/sysroots/x86_64-pokysdk-linux/usr/share/info --mandir=/opt/poky/2.2.4/sysroots/x86_64-pokysdk-linux/usr/share/man --disable-silent-rules --disable-dependency-tracking --with-libtool-sysroot=/home/build/bamboo-agent-home/xml-data/build-dir/LONDON-BYS-JOB1/source/build/tmp/sysroots/x86_64-nativesdk-pokysdk-linux --with-gnu-ld --enable-shared --enable-languages=c,c++ --enable-threads=posix --enable-multilib --enable-c99 --enable-long-long --enable-symvers=gnu --enable-libstdcxx-pch --program-prefix=arm-poky-linux-gnueabi- --without-local-prefix --enable-lto --enable-libssp --enable-libitm --disable-bootstrap --disable-libmudflap --with-system-zlib --with-linker-hash-style=gnu --enable-linker-build-id --with-ppl=no --with-cloog=no --enable-checking=release --enable-cheaders=c_global --without-isl --with-gxx-include-dir=/not/exist/usr/include/c++/6.4.0 --with-build-time-tools=/home/build/bamboo-agent-home/xml-data/build-dir/LONDON-BYS-JOB1/source/build/tmp/sysroots/x86_64-linux/usr/arm-poky-linux-gnueabi/bin --with-sysroot=/not/exist --with-build-sysroot=/home/build/bamboo-agent-home/xml-data/build-dir/LONDON-BYS-JOB1/source/build/tmp/sysroots/arcontia --without-long-double-128 --enable-poison-system-directories --with-mpfr=/home/build/bamboo-agent-home/xml-data/build-dir/LONDON-BYS-JOB1/source/build/tmp/sysroots/x86_64-nativesdk-pokysdk-linux --with-mpc=/home/build/bamboo-agent-home/xml-data/build-dir/LONDON-BYS-JOB1/source/build/tmp/sysroots/x86_64-nativesdk-pokysdk-linux --disable-static --enable-nls --enable-initfini-array --with-arch=armv7-a]
  ignore line: [Thread model: posix]
  ignore line: [gcc version 6.4.0 (GCC) ]
  ignore line: [COMPILER_PATH=/opt/lecip/lv-700/poky/2.2.4/sysroots/x86_64-pokysdk-linux/usr/libexec/arm-poky-linux-gnueabi/gcc/arm-poky-linux-gnueabi/6.4.0/:/opt/lecip/lv-700/poky/2.2.4/sysroots/x86_64-pokysdk-linux/usr/libexec/arm-poky-linux-gnueabi/gcc/arm-poky-linux-gnueabi/6.4.0/:/opt/lecip/lv-700/poky/2.2.4/sysroots/x86_64-pokysdk-linux/usr/libexec/arm-poky-linux-gnueabi/gcc/arm-poky-linux-gnueabi/:/opt/lecip/lv-700/poky/2.2.4/sysroots/x86_64-pokysdk-linux/usr/lib/arm-poky-linux-gnueabi/gcc/arm-poky-linux-gnueabi/6.4.0/:/opt/lecip/lv-700/poky/2.2.4/sysroots/x86_64-pokysdk-linux/usr/lib/arm-poky-linux-gnueabi/gcc/arm-poky-linux-gnueabi/]
  ignore line: [LIBRARY_PATH=/opt/lecip/lv-700/poky/2.2.4/sysroots/x86_64-pokysdk-linux/usr/lib/arm-poky-linux-gnueabi/gcc/arm-poky-linux-gnueabi/6.4.0/:/opt/lecip/lv-700/poky/2.2.4/sysroots/cortexa9hf-neon-poky-linux-gnueabi/lib/:/opt/lecip/lv-700/poky/2.2.4/sysroots/cortexa9hf-neon-poky-linux-gnueabi/usr/lib/arm-poky-linux-gnueabi/6.4.0/:/opt/lecip/lv-700/poky/2.2.4/sysroots/cortexa9hf-neon-poky-linux-gnueabi/usr/lib/]
  ignore line: [COLLECT_GCC_OPTIONS='--sysroot=/opt/lecip/lv-700/poky/2.2.4/sysroots/cortexa9hf-neon-poky-linux-gnueabi' '-march=armv7-a' '-marm' '-mfpu=neon' '-mfloat-abi=hard' '-mcpu=cortex-a9' '-O2' '-pipe' '-g' '-feliminate-unused-debug-types' '-v' '-o' 'cmTC_d2a4b' '-shared-libgcc' '-mtls-dialect=gnu']
  link line: [ /opt/lecip/lv-700/poky/2.2.4/sysroots/x86_64-pokysdk-linux/usr/libexec/arm-poky-linux-gnueabi/gcc/arm-poky-linux-gnueabi/6.4.0/collect2 -plugin /opt/lecip/lv-700/poky/2.2.4/sysroots/x86_64-pokysdk-linux/usr/libexec/arm-poky-linux-gnueabi/gcc/arm-poky-linux-gnueabi/6.4.0/liblto_plugin.so -plugin-opt=/opt/lecip/lv-700/poky/2.2.4/sysroots/x86_64-pokysdk-linux/usr/libexec/arm-poky-linux-gnueabi/gcc/arm-poky-linux-gnueabi/6.4.0/lto-wrapper -plugin-opt=-fresolution=/tmp/ccZKs1vA.res -plugin-opt=-pass-through=-lgcc_s -plugin-opt=-pass-through=-lgcc -plugin-opt=-pass-through=-lc -plugin-opt=-pass-through=-lgcc_s -plugin-opt=-pass-through=-lgcc --sysroot=/opt/lecip/lv-700/poky/2.2.4/sysroots/cortexa9hf-neon-poky-linux-gnueabi --build-id --eh-frame-hdr --hash-style=gnu -dynamic-linker /lib/ld-linux-armhf.so.3 -X -m armelf_linux_eabi -o cmTC_d2a4b /opt/lecip/lv-700/poky/2.2.4/sysroots/cortexa9hf-neon-poky-linux-gnueabi/usr/lib/crt1.o /opt/lecip/lv-700/poky/2.2.4/sysroots/cortexa9hf-neon-poky-linux-gnueabi/usr/lib/crti.o /opt/lecip/lv-700/poky/2.2.4/sysroots/cortexa9hf-neon-poky-linux-gnueabi/usr/lib/arm-poky-linux-gnueabi/6.4.0/crtbegin.o -L/opt/lecip/lv-700/poky/2.2.4/sysroots/x86_64-pokysdk-linux/usr/lib/arm-poky-linux-gnueabi/gcc/arm-poky-linux-gnueabi/6.4.0 -L/opt/lecip/lv-700/poky/2.2.4/sysroots/cortexa9hf-neon-poky-linux-gnueabi/lib -L/opt/lecip/lv-700/poky/2.2.4/sysroots/cortexa9hf-neon-poky-linux-gnueabi/usr/lib/arm-poky-linux-gnueabi/6.4.0 -L/opt/lecip/lv-700/poky/2.2.4/sysroots/cortexa9hf-neon-poky-linux-gnueabi/usr/lib -O1 --hash-style=gnu --as-needed CMakeFiles/cmTC_d2a4b.dir/CMakeCXXCompilerABI.cpp.o -lstdc++ -lm -lgcc_s -lgcc -lc -lgcc_s -lgcc /opt/lecip/lv-700/poky/2.2.4/sysroots/cortexa9hf-neon-poky-linux-gnueabi/usr/lib/arm-poky-linux-gnueabi/6.4.0/crtend.o /opt/lecip/lv-700/poky/2.2.4/sysroots/cortexa9hf-neon-poky-linux-gnueabi/usr/lib/crtn.o]
    arg [/opt/lecip/lv-700/poky/2.2.4/sysroots/x86_64-pokysdk-linux/usr/libexec/arm-poky-linux-gnueabi/gcc/arm-poky-linux-gnueabi/6.4.0/collect2] ==> ignore
    arg [-plugin] ==> ignore
    arg [/opt/lecip/lv-700/poky/2.2.4/sysroots/x86_64-pokysdk-linux/usr/libexec/arm-poky-linux-gnueabi/gcc/arm-poky-linux-gnueabi/6.4.0/liblto_plugin.so] ==> ignore
    arg [-plugin-opt=/opt/lecip/lv-700/poky/2.2.4/sysroots/x86_64-pokysdk-linux/usr/libexec/arm-poky-linux-gnueabi/gcc/arm-poky-linux-gnueabi/6.4.0/lto-wrapper] ==> ignore
    arg [-plugin-opt=-fresolution=/tmp/ccZKs1vA.res] ==> ignore
    arg [-plugin-opt=-pass-through=-lgcc_s] ==> ignore
    arg [-plugin-opt=-pass-through=-lgcc] ==> ignore
    arg [-plugin-opt=-pass-through=-lc] ==> ignore
    arg [-plugin-opt=-pass-through=-lgcc_s] ==> ignore
    arg [-plugin-opt=-pass-through=-lgcc] ==> ignore
    arg [--sysroot=/opt/lecip/lv-700/poky/2.2.4/sysroots/cortexa9hf-neon-poky-linux-gnueabi] ==> ignore
    arg [--build-id] ==> ignore
    arg [--eh-frame-hdr] ==> ignore
    arg [--hash-style=gnu] ==> ignore
    arg [-dynamic-linker] ==> ignore
    arg [/lib/ld-linux-armhf.so.3] ==> ignore
    arg [-X] ==> ignore
    arg [-m] ==> ignore
    arg [armelf_linux_eabi] ==> ignore
    arg [-o] ==> ignore
    arg [cmTC_d2a4b] ==> ignore
    arg [/opt/lecip/lv-700/poky/2.2.4/sysroots/cortexa9hf-neon-poky-linux-gnueabi/usr/lib/crt1.o] ==> ignore
    arg [/opt/lecip/lv-700/poky/2.2.4/sysroots/cortexa9hf-neon-poky-linux-gnueabi/usr/lib/crti.o] ==> ignore
    arg [/opt/lecip/lv-700/poky/2.2.4/sysroots/cortexa9hf-neon-poky-linux-gnueabi/usr/lib/arm-poky-linux-gnueabi/6.4.0/crtbegin.o] ==> ignore
    arg [-L/opt/lecip/lv-700/poky/2.2.4/sysroots/x86_64-pokysdk-linux/usr/lib/arm-poky-linux-gnueabi/gcc/arm-poky-linux-gnueabi/6.4.0] ==> dir [/opt/lecip/lv-700/poky/2.2.4/sysroots/x86_64-pokysdk-linux/usr/lib/arm-poky-linux-gnueabi/gcc/arm-poky-linux-gnueabi/6.4.0]
    arg [-L/opt/lecip/lv-700/poky/2.2.4/sysroots/cortexa9hf-neon-poky-linux-gnueabi/lib] ==> dir [/opt/lecip/lv-700/poky/2.2.4/sysroots/cortexa9hf-neon-poky-linux-gnueabi/lib]
    arg [-L/opt/lecip/lv-700/poky/2.2.4/sysroots/cortexa9hf-neon-poky-linux-gnueabi/usr/lib/arm-poky-linux-gnueabi/6.4.0] ==> dir [/opt/lecip/lv-700/poky/2.2.4/sysroots/cortexa9hf-neon-poky-linux-gnueabi/usr/lib/arm-poky-linux-gnueabi/6.4.0]
    arg [-L/opt/lecip/lv-700/poky/2.2.4/sysroots/cortexa9hf-neon-poky-linux-gnueabi/usr/lib] ==> dir [/opt/lecip/lv-700/poky/2.2.4/sysroots/cortexa9hf-neon-poky-linux-gnueabi/usr/lib]
    arg [-O1] ==> ignore
    arg [--hash-style=gnu] ==> ignore
    arg [--as-needed] ==> ignore
    arg [CMakeFiles/cmTC_d2a4b.dir/CMakeCXXCompilerABI.cpp.o] ==> ignore
    arg [-lstdc++] ==> lib [stdc++]
    arg [-lm] ==> lib [m]
    arg [-lgcc_s] ==> lib [gcc_s]
    arg [-lgcc] ==> lib [gcc]
    arg [-lc] ==> lib [c]
    arg [-lgcc_s] ==> lib [gcc_s]
    arg [-lgcc] ==> lib [gcc]
    arg [/opt/lecip/lv-700/poky/2.2.4/sysroots/cortexa9hf-neon-poky-linux-gnueabi/usr/lib/arm-poky-linux-gnueabi/6.4.0/crtend.o] ==> ignore
    arg [/opt/lecip/lv-700/poky/2.2.4/sysroots/cortexa9hf-neon-poky-linux-gnueabi/usr/lib/crtn.o] ==> ignore
  remove lib [gcc_s]
  remove lib [gcc]
  remove lib [gcc_s]
  remove lib [gcc]
  collapse library dir [/opt/lecip/lv-700/poky/2.2.4/sysroots/x86_64-pokysdk-linux/usr/lib/arm-poky-linux-gnueabi/gcc/arm-poky-linux-gnueabi/6.4.0] ==> [/opt/lecip/lv-700/poky/2.2.4/sysroots/x86_64-pokysdk-linux/usr/lib/arm-poky-linux-gnueabi/gcc/arm-poky-linux-gnueabi/6.4.0]
  collapse library dir [/opt/lecip/lv-700/poky/2.2.4/sysroots/cortexa9hf-neon-poky-linux-gnueabi/lib] ==> [/opt/lecip/lv-700/poky/2.2.4/sysroots/cortexa9hf-neon-poky-linux-gnueabi/lib]
  collapse library dir [/opt/lecip/lv-700/poky/2.2.4/sysroots/cortexa9hf-neon-poky-linux-gnueabi/usr/lib/arm-poky-linux-gnueabi/6.4.0] ==> [/opt/lecip/lv-700/poky/2.2.4/sysroots/cortexa9hf-neon-poky-linux-gnueabi/usr/lib/arm-poky-linux-gnueabi/6.4.0]
  collapse library dir [/opt/lecip/lv-700/poky/2.2.4/sysroots/cortexa9hf-neon-poky-linux-gnueabi/usr/lib] ==> [/opt/lecip/lv-700/poky/2.2.4/sysroots/cortexa9hf-neon-poky-linux-gnueabi/usr/lib]
  implicit libs: [stdc++;m;c]
  implicit dirs: [/opt/lecip/lv-700/poky/2.2.4/sysroots/x86_64-pokysdk-linux/usr/lib/arm-poky-linux-gnueabi/gcc/arm-poky-linux-gnueabi/6.4.0;/opt/lecip/lv-700/poky/2.2.4/sysroots/cortexa9hf-neon-poky-linux-gnueabi/lib;/opt/lecip/lv-700/poky/2.2.4/sysroots/cortexa9hf-neon-poky-linux-gnueabi/usr/lib/arm-poky-linux-gnueabi/6.4.0;/opt/lecip/lv-700/poky/2.2.4/sysroots/cortexa9hf-neon-poky-linux-gnueabi/usr/lib]
  implicit fwks: []




Detecting CXX [-std=c++14] compiler features compiled with the following output:
Change Dir: /home/osboxes/arcontia_barcodelib/bin/build/CMakeFiles/CMakeTmp

Run Build Command:"/usr/bin/make" "cmTC_078d2/fast"
/usr/bin/make -f CMakeFiles/cmTC_078d2.dir/build.make CMakeFiles/cmTC_078d2.dir/build
make[1]: Entering directory '/home/osboxes/arcontia_barcodelib/bin/build/CMakeFiles/CMakeTmp'
Building CXX object CMakeFiles/cmTC_078d2.dir/feature_tests.cxx.o
/opt/lecip/lv-700/poky/2.2.4/sysroots/x86_64-pokysdk-linux/usr/bin/arm-poky-linux-gnueabi/arm-poky-linux-gnueabi-g++   -march=armv7-a -marm -mfpu=neon  -mfloat-abi=hard -mcpu=cortex-a9 --sysroot=/opt/lecip/lv-700/poky/2.2.4/sysroots/cortexa9hf-neon-poky-linux-gnueabi    -O2 -pipe -g -feliminate-unused-debug-types     -std=c++14 -o CMakeFiles/cmTC_078d2.dir/feature_tests.cxx.o -c /home/osboxes/arcontia_barcodelib/bin/build/CMakeFiles/feature_tests.cxx
Linking CXX executable cmTC_078d2
/opt/lecip/lv-700/poky/2.2.4/sysroots/x86_64-pokysdk-linux/usr/bin/cmake -E cmake_link_script CMakeFiles/cmTC_078d2.dir/link.txt --verbose=1
/opt/lecip/lv-700/poky/2.2.4/sysroots/x86_64-pokysdk-linux/usr/bin/arm-poky-linux-gnueabi/arm-poky-linux-gnueabi-g++   -march=armv7-a -marm -mfpu=neon  -mfloat-abi=hard -mcpu=cortex-a9 --sysroot=/opt/lecip/lv-700/poky/2.2.4/sysroots/cortexa9hf-neon-poky-linux-gnueabi   -O2 -pipe -g -feliminate-unused-debug-types     -Wl,-O1 -Wl,--hash-style=gnu -Wl,--as-needed  CMakeFiles/cmTC_078d2.dir/feature_tests.cxx.o  -o cmTC_078d2 
make[1]: Leaving directory '/home/osboxes/arcontia_barcodelib/bin/build/CMakeFiles/CMakeTmp'


    Feature record: CXX_FEATURE:1cxx_aggregate_default_initializers
    Feature record: CXX_FEATURE:1cxx_alias_templates
    Feature record: CXX_FEATURE:1cxx_alignas
    Feature record: CXX_FEATURE:1cxx_alignof
    Feature record: CXX_FEATURE:1cxx_attributes
    Feature record: CXX_FEATURE:1cxx_attribute_deprecated
    Feature record: CXX_FEATURE:1cxx_auto_type
    Feature record: CXX_FEATURE:1cxx_binary_literals
    Feature record: CXX_FEATURE:1cxx_constexpr
    Feature record: CXX_FEATURE:1cxx_contextual_conversions
    Feature record: CXX_FEATURE:1cxx_decltype
    Feature record: CXX_FEATURE:1cxx_decltype_auto
    Feature record: CXX_FEATURE:1cxx_decltype_incomplete_return_types
    Feature record: CXX_FEATURE:1cxx_default_function_template_args
    Feature record: CXX_FEATURE:1cxx_defaulted_functions
    Feature record: CXX_FEATURE:1cxx_defaulted_move_initializers
    Feature record: CXX_FEATURE:1cxx_delegating_constructors
    Feature record: CXX_FEATURE:1cxx_deleted_functions
    Feature record: CXX_FEATURE:1cxx_digit_separators
    Feature record: CXX_FEATURE:1cxx_enum_forward_declarations
    Feature record: CXX_FEATURE:1cxx_explicit_conversions
    Feature record: CXX_FEATURE:1cxx_extended_friend_declarations
    Feature record: CXX_FEATURE:1cxx_extern_templates
    Feature record: CXX_FEATURE:1cxx_final
    Feature record: CXX_FEATURE:1cxx_func_identifier
    Feature record: CXX_FEATURE:1cxx_generalized_initializers
    Feature record: CXX_FEATURE:1cxx_generic_lambdas
    Feature record: CXX_FEATURE:1cxx_inheriting_constructors
    Feature record: CXX_FEATURE:1cxx_inline_namespaces
    Feature record: CXX_FEATURE:1cxx_lambdas
    Feature record: CXX_FEATURE:1cxx_lambda_init_captures
    Feature record: CXX_FEATURE:1cxx_local_type_template_args
    Feature record: CXX_FEATURE:1cxx_long_long_type
    Feature record: CXX_FEATURE:1cxx_noexcept
    Feature record: CXX_FEATURE:1cxx_nonstatic_member_init
    Feature record: CXX_FEATURE:1cxx_nullptr
    Feature record: CXX_FEATURE:1cxx_override
    Feature record: CXX_FEATURE:1cxx_range_for
    Feature record: CXX_FEATURE:1cxx_raw_string_literals
    Feature record: CXX_FEATURE:1cxx_reference_qualified_functions
    Feature record: CXX_FEATURE:1cxx_relaxed_constexpr
    Feature record: CXX_FEATURE:1cxx_return_type_deduction
    Feature record: CXX_FEATURE:1cxx_right_angle_brackets
    Feature record: CXX_FEATURE:1cxx_rvalue_references
    Feature record: CXX_FEATURE:1cxx_sizeof_member
    Feature record: CXX_FEATURE:1cxx_static_assert
    Feature record: CXX_FEATURE:1cxx_strong_enums
    Feature record: CXX_FEATURE:1cxx_template_template_parameters
    Feature record: CXX_FEATURE:1cxx_thread_local
    Feature record: CXX_FEATURE:1cxx_trailing_return_types
    Feature record: CXX_FEATURE:1cxx_unicode_literals
    Feature record: CXX_FEATURE:1cxx_uniform_initialization
    Feature record: CXX_FEATURE:1cxx_unrestricted_unions
    Feature record: CXX_FEATURE:1cxx_user_literals
    Feature record: CXX_FEATURE:1cxx_variable_templates
    Feature record: CXX_FEATURE:1cxx_variadic_macros
    Feature record: CXX_FEATURE:1cxx_variadic_templates


Detecting CXX [-std=c++11] compiler features compiled with the following output:
Change Dir: /home/osboxes/arcontia_barcodelib/bin/build/CMakeFiles/CMakeTmp

Run Build Command:"/usr/bin/make" "cmTC_cf08f/fast"
/usr/bin/make -f CMakeFiles/cmTC_cf08f.dir/build.make CMakeFiles/cmTC_cf08f.dir/build
make[1]: Entering directory '/home/osboxes/arcontia_barcodelib/bin/build/CMakeFiles/CMakeTmp'
Building CXX object CMakeFiles/cmTC_cf08f.dir/feature_tests.cxx.o
/opt/lecip/lv-700/poky/2.2.4/sysroots/x86_64-pokysdk-linux/usr/bin/arm-poky-linux-gnueabi/arm-poky-linux-gnueabi-g++   -march=armv7-a -marm -mfpu=neon  -mfloat-abi=hard -mcpu=cortex-a9 --sysroot=/opt/lecip/lv-700/poky/2.2.4/sysroots/cortexa9hf-neon-poky-linux-gnueabi    -O2 -pipe -g -feliminate-unused-debug-types     -std=c++11 -o CMakeFiles/cmTC_cf08f.dir/feature_tests.cxx.o -c /home/osboxes/arcontia_barcodelib/bin/build/CMakeFiles/feature_tests.cxx
Linking CXX executable cmTC_cf08f
/opt/lecip/lv-700/poky/2.2.4/sysroots/x86_64-pokysdk-linux/usr/bin/cmake -E cmake_link_script CMakeFiles/cmTC_cf08f.dir/link.txt --verbose=1
/opt/lecip/lv-700/poky/2.2.4/sysroots/x86_64-pokysdk-linux/usr/bin/arm-poky-linux-gnueabi/arm-poky-linux-gnueabi-g++   -march=armv7-a -marm -mfpu=neon  -mfloat-abi=hard -mcpu=cortex-a9 --sysroot=/opt/lecip/lv-700/poky/2.2.4/sysroots/cortexa9hf-neon-poky-linux-gnueabi   -O2 -pipe -g -feliminate-unused-debug-types     -Wl,-O1 -Wl,--hash-style=gnu -Wl,--as-needed  CMakeFiles/cmTC_cf08f.dir/feature_tests.cxx.o  -o cmTC_cf08f 
make[1]: Leaving directory '/home/osboxes/arcontia_barcodelib/bin/build/CMakeFiles/CMakeTmp'


    Feature record: CXX_FEATURE:0cxx_aggregate_default_initializers
    Feature record: CXX_FEATURE:1cxx_alias_templates
    Feature record: CXX_FEATURE:1cxx_alignas
    Feature record: CXX_FEATURE:1cxx_alignof
    Feature record: CXX_FEATURE:1cxx_attributes
    Feature record: CXX_FEATURE:0cxx_attribute_deprecated
    Feature record: CXX_FEATURE:1cxx_auto_type
    Feature record: CXX_FEATURE:0cxx_binary_literals
    Feature record: CXX_FEATURE:1cxx_constexpr
    Feature record: CXX_FEATURE:0cxx_contextual_conversions
    Feature record: CXX_FEATURE:1cxx_decltype
    Feature record: CXX_FEATURE:0cxx_decltype_auto
    Feature record: CXX_FEATURE:1cxx_decltype_incomplete_return_types
    Feature record: CXX_FEATURE:1cxx_default_function_template_args
    Feature record: CXX_FEATURE:1cxx_defaulted_functions
    Feature record: CXX_FEATURE:1cxx_defaulted_move_initializers
    Feature record: CXX_FEATURE:1cxx_delegating_constructors
    Feature record: CXX_FEATURE:1cxx_deleted_functions
    Feature record: CXX_FEATURE:0cxx_digit_separators
    Feature record: CXX_FEATURE:1cxx_enum_forward_declarations
    Feature record: CXX_FEATURE:1cxx_explicit_conversions
    Feature record: CXX_FEATURE:1cxx_extended_friend_declarations
    Feature record: CXX_FEATURE:1cxx_extern_templates
    Feature record: CXX_FEATURE:1cxx_final
    Feature record: CXX_FEATURE:1cxx_func_identifier
    Feature record: CXX_FEATURE:1cxx_generalized_initializers
    Feature record: CXX_FEATURE:0cxx_generic_lambdas
    Feature record: CXX_FEATURE:1cxx_inheriting_constructors
    Feature record: CXX_FEATURE:1cxx_inline_namespaces
    Feature record: CXX_FEATURE:1cxx_lambdas
    Feature record: CXX_FEATURE:0cxx_lambda_init_captures
    Feature record: CXX_FEATURE:1cxx_local_type_template_args
    Feature record: CXX_FEATURE:1cxx_long_long_type
    Feature record: CXX_FEATURE:1cxx_noexcept
    Feature record: CXX_FEATURE:1cxx_nonstatic_member_init
    Feature record: CXX_FEATURE:1cxx_nullptr
    Feature record: CXX_FEATURE:1cxx_override
    Feature record: CXX_FEATURE:1cxx_range_for
    Feature record: CXX_FEATURE:1cxx_raw_string_literals
    Feature record: CXX_FEATURE:1cxx_reference_qualified_functions
    Feature record: CXX_FEATURE:0cxx_relaxed_constexpr
    Feature record: CXX_FEATURE:0cxx_return_type_deduction
    Feature record: CXX_FEATURE:1cxx_right_angle_brackets
    Feature record: CXX_FEATURE:1cxx_rvalue_references
    Feature record: CXX_FEATURE:1cxx_sizeof_member
    Feature record: CXX_FEATURE:1cxx_static_assert
    Feature record: CXX_FEATURE:1cxx_strong_enums
    Feature record: CXX_FEATURE:1cxx_template_template_parameters
    Feature record: CXX_FEATURE:1cxx_thread_local
    Feature record: CXX_FEATURE:1cxx_trailing_return_types
    Feature record: CXX_FEATURE:1cxx_unicode_literals
    Feature record: CXX_FEATURE:1cxx_uniform_initialization
    Feature record: CXX_FEATURE:1cxx_unrestricted_unions
    Feature record: CXX_FEATURE:1cxx_user_literals
    Feature record: CXX_FEATURE:0cxx_variable_templates
    Feature record: CXX_FEATURE:1cxx_variadic_macros
    Feature record: CXX_FEATURE:1cxx_variadic_templates


Detecting CXX [-std=c++98] compiler features compiled with the following output:
Change Dir: /home/osboxes/arcontia_barcodelib/bin/build/CMakeFiles/CMakeTmp

Run Build Command:"/usr/bin/make" "cmTC_0bca0/fast"
/usr/bin/make -f CMakeFiles/cmTC_0bca0.dir/build.make CMakeFiles/cmTC_0bca0.dir/build
make[1]: Entering directory '/home/osboxes/arcontia_barcodelib/bin/build/CMakeFiles/CMakeTmp'
Building CXX object CMakeFiles/cmTC_0bca0.dir/feature_tests.cxx.o
/opt/lecip/lv-700/poky/2.2.4/sysroots/x86_64-pokysdk-linux/usr/bin/arm-poky-linux-gnueabi/arm-poky-linux-gnueabi-g++   -march=armv7-a -marm -mfpu=neon  -mfloat-abi=hard -mcpu=cortex-a9 --sysroot=/opt/lecip/lv-700/poky/2.2.4/sysroots/cortexa9hf-neon-poky-linux-gnueabi    -O2 -pipe -g -feliminate-unused-debug-types     -std=c++98 -o CMakeFiles/cmTC_0bca0.dir/feature_tests.cxx.o -c /home/osboxes/arcontia_barcodelib/bin/build/CMakeFiles/feature_tests.cxx
Linking CXX executable cmTC_0bca0
/opt/lecip/lv-700/poky/2.2.4/sysroots/x86_64-pokysdk-linux/usr/bin/cmake -E cmake_link_script CMakeFiles/cmTC_0bca0.dir/link.txt --verbose=1
/opt/lecip/lv-700/poky/2.2.4/sysroots/x86_64-pokysdk-linux/usr/bin/arm-poky-linux-gnueabi/arm-poky-linux-gnueabi-g++   -march=armv7-a -marm -mfpu=neon  -mfloat-abi=hard -mcpu=cortex-a9 --sysroot=/opt/lecip/lv-700/poky/2.2.4/sysroots/cortexa9hf-neon-poky-linux-gnueabi   -O2 -pipe -g -feliminate-unused-debug-types     -Wl,-O1 -Wl,--hash-style=gnu -Wl,--as-needed  CMakeFiles/cmTC_0bca0.dir/feature_tests.cxx.o  -o cmTC_0bca0 
make[1]: Leaving directory '/home/osboxes/arcontia_barcodelib/bin/build/CMakeFiles/CMakeTmp'


    Feature record: CXX_FEATURE:0cxx_aggregate_default_initializers
    Feature record: CXX_FEATURE:0cxx_alias_templates
    Feature record: CXX_FEATURE:0cxx_alignas
    Feature record: CXX_FEATURE:0cxx_alignof
    Feature record: CXX_FEATURE:0cxx_attributes
    Feature record: CXX_FEATURE:0cxx_attribute_deprecated
    Feature record: CXX_FEATURE:0cxx_auto_type
    Feature record: CXX_FEATURE:0cxx_binary_literals
    Feature record: CXX_FEATURE:0cxx_constexpr
    Feature record: CXX_FEATURE:0cxx_contextual_conversions
    Feature record: CXX_FEATURE:0cxx_decltype
    Feature record: CXX_FEATURE:0cxx_decltype_auto
    Feature record: CXX_FEATURE:0cxx_decltype_incomplete_return_types
    Feature record: CXX_FEATURE:0cxx_default_function_template_args
    Feature record: CXX_FEATURE:0cxx_defaulted_functions
    Feature record: CXX_FEATURE:0cxx_defaulted_move_initializers
    Feature record: CXX_FEATURE:0cxx_delegating_constructors
    Feature record: CXX_FEATURE:0cxx_deleted_functions
    Feature record: CXX_FEATURE:0cxx_digit_separators
    Feature record: CXX_FEATURE:0cxx_enum_forward_declarations
    Feature record: CXX_FEATURE:0cxx_explicit_conversions
    Feature record: CXX_FEATURE:0cxx_extended_friend_declarations
    Feature record: CXX_FEATURE:0cxx_extern_templates
    Feature record: CXX_FEATURE:0cxx_final
    Feature record: CXX_FEATURE:0cxx_func_identifier
    Feature record: CXX_FEATURE:0cxx_generalized_initializers
    Feature record: CXX_FEATURE:0cxx_generic_lambdas
    Feature record: CXX_FEATURE:0cxx_inheriting_constructors
    Feature record: CXX_FEATURE:0cxx_inline_namespaces
    Feature record: CXX_FEATURE:0cxx_lambdas
    Feature record: CXX_FEATURE:0cxx_lambda_init_captures
    Feature record: CXX_FEATURE:0cxx_local_type_template_args
    Feature record: CXX_FEATURE:0cxx_long_long_type
    Feature record: CXX_FEATURE:0cxx_noexcept
    Feature record: CXX_FEATURE:0cxx_nonstatic_member_init
    Feature record: CXX_FEATURE:0cxx_nullptr
    Feature record: CXX_FEATURE:0cxx_override
    Feature record: CXX_FEATURE:0cxx_range_for
    Feature record: CXX_FEATURE:0cxx_raw_string_literals
    Feature record: CXX_FEATURE:0cxx_reference_qualified_functions
    Feature record: CXX_FEATURE:0cxx_relaxed_constexpr
    Feature record: CXX_FEATURE:0cxx_return_type_deduction
    Feature record: CXX_FEATURE:0cxx_right_angle_brackets
    Feature record: CXX_FEATURE:0cxx_rvalue_references
    Feature record: CXX_FEATURE:0cxx_sizeof_member
    Feature record: CXX_FEATURE:0cxx_static_assert
    Feature record: CXX_FEATURE:0cxx_strong_enums
    Feature record: CXX_FEATURE:1cxx_template_template_parameters
    Feature record: CXX_FEATURE:0cxx_thread_local
    Feature record: CXX_FEATURE:0cxx_trailing_return_types
    Feature record: CXX_FEATURE:0cxx_unicode_literals
    Feature record: CXX_FEATURE:0cxx_uniform_initialization
    Feature record: CXX_FEATURE:0cxx_unrestricted_unions
    Feature record: CXX_FEATURE:0cxx_user_literals
    Feature record: CXX_FEATURE:0cxx_variable_templates
    Feature record: CXX_FEATURE:0cxx_variadic_macros
    Feature record: CXX_FEATURE:0cxx_variadic_templates
